[01/19/2025 22:57:29.179] [协作者#0] {"协作者#0": 1} 开始两阶段提交协议
[01/19/2025 22:57:29.180] [协作者#0] {"协作者#0": 2} 发送提交请求
[01/19/2025 22:57:29.180] [参与者#0] {"协作者#0": 2, "参与者#0": 1} 收到准备请求
[01/19/2025 22:57:29.180] [参与者#0] {"协作者#0": 2, "参与者#0": 2} 准备完成，可以提交
[01/19/2025 22:57:29.180] [协作者#0] {"协作者#0": 3} 发送提交请求
[01/19/2025 22:57:29.180] [参与者#1] {"协作者#0": 3, "参与者#1": 1} 收到准备请求
[01/19/2025 22:57:29.180] [参与者#1] {"协作者#0": 3, "参与者#1": 2} 准备完成，可以提交
[01/19/2025 22:57:29.180] [协作者#0] {"协作者#0": 4} 发送提交请求
[01/19/2025 22:57:29.180] [参与者#2] {"协作者#0": 4, "参与者#2": 1} 收到准备请求
[01/19/2025 22:57:29.180] [参与者#2] {"协作者#0": 4, "参与者#2": 2} 准备完成，可以提交
[01/19/2025 22:57:29.180] [协作者#0] {"协作者#0": 5, "参与者#0": 2} 准备完成，可以提交
[01/19/2025 22:57:29.180] [协作者#0] {"协作者#0": 6, "参与者#0": 2, "参与者#1": 2} 准备完成，可以提交
[01/19/2025 22:57:29.180] [协作者#0] {"协作者#0": 7, "参与者#0": 2, "参与者#1": 2, "参与者#2": 2} 准备完成，可以提交
[01/19/2025 22:57:29.180] [协作者#0] {"协作者#0": 8, "参与者#0": 2, "参与者#1": 2, "参与者#2": 2} 所有参与者准备完成，可以提交
[01/19/2025 22:57:29.180] [协作者#0] {"协作者#0": 9, "参与者#0": 2, "参与者#1": 2, "参与者#2": 2} 发送提交请求
[01/19/2025 22:57:29.180] [参与者#0] {"协作者#0": 9, "参与者#0": 3, "参与者#1": 2, "参与者#2": 2} 收到提交请求
[01/19/2025 22:57:29.180] [参与者#0] {"协作者#0": 9, "参与者#0": 4, "参与者#1": 2, "参与者#2": 2} 提交
[01/19/2025 22:57:29.180] [参与者#0] {"协作者#0": 9, "参与者#0": 5, "参与者#1": 2, "参与者#2": 2} 确认提交
[01/19/2025 22:57:29.180] [协作者#0] {"协作者#0": 10, "参与者#0": 2, "参与者#1": 2, "参与者#2": 2} 发送提交请求
[01/19/2025 22:57:29.180] [参与者#1] {"协作者#0": 10, "参与者#1": 3, "参与者#0": 2, "参与者#2": 2} 收到提交请求
[01/19/2025 22:57:29.180] [参与者#1] {"协作者#0": 10, "参与者#1": 4, "参与者#0": 2, "参与者#2": 2} 提交
[01/19/2025 22:57:29.180] [参与者#1] {"协作者#0": 10, "参与者#1": 5, "参与者#0": 2, "参与者#2": 2} 确认提交
[01/19/2025 22:57:29.180] [协作者#0] {"协作者#0": 11, "参与者#0": 2, "参与者#1": 2, "参与者#2": 2} 发送提交请求
[01/19/2025 22:57:29.180] [参与者#2] {"协作者#0": 11, "参与者#2": 3, "参与者#0": 2, "参与者#1": 2} 收到提交请求
[01/19/2025 22:57:29.180] [参与者#2] {"协作者#0": 11, "参与者#2": 4, "参与者#0": 2, "参与者#1": 2} 提交
[01/19/2025 22:57:29.180] [参与者#2] {"协作者#0": 11, "参与者#2": 5, "参与者#0": 2, "参与者#1": 2} 确认提交
[01/19/2025 22:57:29.180] [协作者#0] {"协作者#0": 12, "参与者#0": 5, "参与者#1": 2, "参与者#2": 2} 确认提交
[01/19/2025 22:57:29.180] [协作者#0] {"协作者#0": 13, "参与者#0": 5, "参与者#1": 5, "参与者#2": 2} 确认提交
[01/19/2025 22:57:29.180] [协作者#0] {"协作者#0": 14, "参与者#0": 5, "参与者#1": 5, "参与者#2": 5} 确认提交
