[01/19/2025 22:55:43.615] [提议者#0] {"提议者#0": 1} 设置准备号为 7
[01/19/2025 22:55:43.615] [接受者#0] {"提议者#0": 1, "接受者#0": 1} 收到准备号为 7
[01/19/2025 22:55:43.615] [接受者#0] {"提议者#0": 1, "接受者#0": 2} 确认准备号为 7
[01/19/2025 22:55:43.615] [提议者#0] {"提议者#0": 2} 设置准备号为 7
[01/19/2025 22:55:43.615] [接受者#1] {"提议者#0": 2, "接受者#1": 1} 收到准备号为 7
[01/19/2025 22:55:43.615] [接受者#1] {"提议者#0": 2, "接受者#1": 2} 确认准备号为 7
[01/19/2025 22:55:43.615] [提议者#0] {"提议者#0": 3} 设置准备号为 7
[01/19/2025 22:55:43.615] [接受者#2] {"提议者#0": 3, "接受者#2": 1} 收到准备号为 7
[01/19/2025 22:55:43.615] [接受者#2] {"提议者#0": 3, "接受者#2": 2} 确认准备号为 7
[01/19/2025 22:55:43.615] [提议者#0] {"提议者#0": 4, "接受者#0": 2} 确认准备号为 7
[01/19/2025 22:55:43.615] [提议者#0] {"提议者#0": 5, "接受者#0": 2, "接受者#1": 2} 确认准备号为 7
[01/19/2025 22:55:43.615] [提议者#0] {"提议者#0": 6, "接受者#0": 2, "接受者#1": 2, "接受者#2": 2} 确认准备号为 7
[01/19/2025 22:55:43.615] [提议者#0] {"提议者#0": 7, "接受者#0": 2, "接受者#1": 2, "接受者#2": 2} 发送准备号为 7 的数值 88
[01/19/2025 22:55:43.615] [接受者#0] {"提议者#0": 7, "接受者#0": 3, "接受者#1": 2, "接受者#2": 2} 收到准备号为 7 的数值 88
[01/19/2025 22:55:43.615] [接受者#0] {"提议者#0": 7, "接受者#0": 4, "接受者#1": 2, "接受者#2": 2} 确认数值为 88
[01/19/2025 22:55:43.615] [提议者#0] {"提议者#0": 8, "接受者#0": 2, "接受者#1": 2, "接受者#2": 2} 发送准备号为 7 的数值 88
[01/19/2025 22:55:43.615] [接受者#1] {"提议者#0": 8, "接受者#1": 3, "接受者#0": 2, "接受者#2": 2} 收到准备号为 7 的数值 88
[01/19/2025 22:55:43.615] [接受者#1] {"提议者#0": 8, "接受者#1": 4, "接受者#0": 2, "接受者#2": 2} 确认数值为 88
[01/19/2025 22:55:43.615] [提议者#0] {"提议者#0": 9, "接受者#0": 2, "接受者#1": 2, "接受者#2": 2} 发送准备号为 7 的数值 88
[01/19/2025 22:55:43.615] [接受者#2] {"提议者#0": 9, "接受者#2": 3, "接受者#0": 2, "接受者#1": 2} 收到准备号为 7 的数值 88
[01/19/2025 22:55:43.615] [接受者#2] {"提议者#0": 9, "接受者#2": 4, "接受者#0": 2, "接受者#1": 2} 确认数值为 88
[01/19/2025 22:55:43.615] [提议者#0] {"提议者#0": 10, "接受者#0": 4, "接受者#1": 2, "接受者#2": 2} 确认数值为 88
[01/19/2025 22:55:43.615] [接受者#0] {"提议者#0": 7, "接受者#0": 5, "接受者#1": 2, "接受者#2": 2} 设置数值为 88
[01/19/2025 22:55:43.615] [提议者#0] {"提议者#0": 11, "接受者#0": 4, "接受者#1": 4, "接受者#2": 2} 确认数值为 88
[01/19/2025 22:55:43.615] [接受者#1] {"提议者#0": 8, "接受者#1": 5, "接受者#0": 2, "接受者#2": 2} 设置数值为 88
[01/19/2025 22:55:43.615] [提议者#0] {"提议者#0": 12, "接受者#0": 4, "接受者#1": 4, "接受者#2": 4} 确认数值为 88
[01/19/2025 22:55:43.615] [接受者#2] {"提议者#0": 9, "接受者#2": 5, "接受者#0": 2, "接受者#1": 2} 设置数值为 88
[01/19/2025 22:55:43.615] [提议者#0] {"提议者#0": 13, "接受者#0": 4, "接受者#1": 4, "接受者#2": 4} 学习数值为 88
[01/19/2025 22:55:43.615] [学习者#0] {"提议者#0": 13, "接受者#0": 4, "接受者#1": 4, "接受者#2": 4, "学习者#0": 1} 学习数值为 88
[01/19/2025 22:55:43.615] [学习者#0] {"提议者#0": 13, "接受者#0": 4, "接受者#1": 4, "接受者#2": 4, "学习者#0": 2} 设置数值为 88
[01/19/2025 22:55:43.615] [提议者#0] {"提议者#0": 14, "接受者#0": 4, "接受者#1": 4, "接受者#2": 4} 学习数值为 88
[01/19/2025 22:55:43.615] [学习者#1] {"提议者#0": 14, "接受者#0": 4, "接受者#1": 4, "接受者#2": 4, "学习者#1": 1} 学习数值为 88
[01/19/2025 22:55:43.615] [学习者#1] {"提议者#0": 14, "接受者#0": 4, "接受者#1": 4, "接受者#2": 4, "学习者#1": 2} 设置数值为 88
