[01/19/2025 22:54:43.762] [#0] {"#0": 1} 0 发给 2, 向量时钟为: {"#0": 1}
[01/19/2025 22:54:43.787] [#2] {"#0": 1, "#2": 1} 0 发给 2, 向量时钟为: {"#0": 1, "#2": 1}
[01/19/2025 22:54:43.787] [#1] {"#1": 1} 1 发给 2, 向量时钟为: {"#1": 1}
[01/19/2025 22:54:43.872] [#2] {"#0": 1, "#2": 2, "#1": 1} 1 发给 2, 向量时钟为: {"#0": 1, "#2": 2, "#1": 1}
[01/19/2025 22:54:43.872] [#2] {"#0": 1, "#2": 3, "#1": 1} 2 内部事务, 向量时钟为: {"#0": 1, "#2": 3, "#1": 1}
[01/19/2025 22:54:43.872] [#0] {"#0": 2} 0 内部事务, 向量时钟为: {"#0": 2}
[01/19/2025 22:54:43.872] [#1] {"#1": 2} 1 发给 0, 向量时钟为: {"#1": 2}
[01/19/2025 22:54:43.971] [#0] {"#0": 3, "#1": 2} 1 发给 0, 向量时钟为: {"#0": 3, "#1": 2}
[01/19/2025 22:54:43.971] [#2] {"#0": 1, "#2": 4, "#1": 1} 2 内部事务, 向量时钟为: {"#0": 1, "#2": 4, "#1": 1}
[01/19/2025 22:54:43.971] [#0] {"#0": 4, "#1": 2} 0 内部事务, 向量时钟为: {"#0": 4, "#1": 2}
[01/19/2025 22:54:43.971] [#1] {"#1": 3} 1 内部事务, 向量时钟为: {"#1": 3}
[01/19/2025 22:54:43.971] [#2] {"#0": 1, "#2": 5, "#1": 1} 2 内部事务, 向量时钟为: {"#0": 1, "#2": 5, "#1": 1}
[01/19/2025 22:54:43.971] [#0] {"#0": 5, "#1": 2} 0 内部事务, 向量时钟为: {"#0": 5, "#1": 2}
[01/19/2025 22:54:43.971] [#1] {"#1": 4} 1 内部事务, 向量时钟为: {"#1": 4}
[01/19/2025 22:54:43.971] [#2] {"#0": 1, "#2": 6, "#1": 1} 2 发给 1, 向量时钟为: {"#0": 1, "#2": 6, "#1": 1}
[01/19/2025 22:54:44.050] [#1] {"#1": 5, "#0": 1, "#2": 6} 2 发给 1, 向量时钟为: {"#1": 5, "#0": 1, "#2": 6}
[01/19/2025 22:54:44.050] [#0] {"#0": 6, "#1": 2} 0 内部事务, 向量时钟为: {"#0": 6, "#1": 2}
[01/19/2025 22:54:44.050] [#1] {"#1": 6, "#0": 1, "#2": 6} 1 内部事务, 向量时钟为: {"#1": 6, "#0": 1, "#2": 6}
[01/19/2025 22:54:44.050] [#2] {"#0": 1, "#2": 7, "#1": 1} 2 发给 0, 向量时钟为: {"#0": 1, "#2": 7, "#1": 1}
[01/19/2025 22:54:44.078] [#0] {"#0": 7, "#1": 2, "#2": 7} 2 发给 0, 向量时钟为: {"#0": 7, "#1": 2, "#2": 7}
[01/19/2025 22:54:44.078] [#0] {"#0": 8, "#1": 2, "#2": 7} 0 内部事务, 向量时钟为: {"#0": 8, "#1": 2, "#2": 7}
[01/19/2025 22:54:44.078] [#1] {"#1": 7, "#0": 1, "#2": 6} 1 发给 0, 向量时钟为: {"#1": 7, "#0": 1, "#2": 6}
[01/19/2025 22:54:44.158] [#0] {"#0": 9, "#1": 7, "#2": 7} 1 发给 0, 向量时钟为: {"#0": 9, "#1": 7, "#2": 7}
[01/19/2025 22:54:44.158] [#2] {"#0": 1, "#2": 8, "#1": 1} 2 内部事务, 向量时钟为: {"#0": 1, "#2": 8, "#1": 1}
[01/19/2025 22:54:44.158] [#0] {"#0": 10, "#1": 7, "#2": 7} 0 发给 1, 向量时钟为: {"#0": 10, "#1": 7, "#2": 7}
[01/19/2025 22:54:44.220] [#1] {"#1": 8, "#0": 10, "#2": 7} 0 发给 1, 向量时钟为: {"#1": 8, "#0": 10, "#2": 7}
[01/19/2025 22:54:44.220] [#1] {"#1": 9, "#0": 10, "#2": 7} 1 发给 2, 向量时钟为: {"#1": 9, "#0": 10, "#2": 7}
[01/19/2025 22:54:44.237] [#2] {"#0": 10, "#2": 9, "#1": 9} 1 发给 2, 向量时钟为: {"#0": 10, "#2": 9, "#1": 9}
[01/19/2025 22:54:44.237] [#2] {"#0": 10, "#2": 10, "#1": 9} 2 发给 1, 向量时钟为: {"#0": 10, "#2": 10, "#1": 9}
[01/19/2025 22:54:44.256] [#1] {"#1": 10, "#0": 10, "#2": 10} 2 发给 1, 向量时钟为: {"#1": 10, "#0": 10, "#2": 10}
[01/19/2025 22:54:44.256] [#0] {"#0": 11, "#1": 7, "#2": 7} 0 发给 2, 向量时钟为: {"#0": 11, "#1": 7, "#2": 7}
[01/19/2025 22:54:44.273] [#2] {"#0": 11, "#2": 11, "#1": 9} 0 发给 2, 向量时钟为: {"#0": 11, "#2": 11, "#1": 9}
[01/19/2025 22:54:44.273] [#1] {"#1": 11, "#0": 10, "#2": 10} 1 内部事务, 向量时钟为: {"#1": 11, "#0": 10, "#2": 10}
[01/19/2025 22:54:44.273] [#2] {"#0": 11, "#2": 12, "#1": 9} 2 发给 1, 向量时钟为: {"#0": 11, "#2": 12, "#1": 9}
[01/19/2025 22:54:44.335] [#1] {"#1": 12, "#0": 11, "#2": 12} 2 发给 1, 向量时钟为: {"#1": 12, "#0": 11, "#2": 12}
[01/19/2025 22:54:44.335] [#0] {"#0": 12, "#1": 7, "#2": 7} 0 发给 1, 向量时钟为: {"#0": 12, "#1": 7, "#2": 7}
[01/19/2025 22:54:44.356] [#1] {"#1": 13, "#0": 12, "#2": 12} 0 发给 1, 向量时钟为: {"#1": 13, "#0": 12, "#2": 12}
[01/19/2025 22:54:44.356] [#1] {"#1": 14, "#0": 12, "#2": 12} 1 内部事务, 向量时钟为: {"#1": 14, "#0": 12, "#2": 12}
[01/19/2025 22:54:44.356] [#2] {"#0": 11, "#2": 13, "#1": 9} 2 内部事务, 向量时钟为: {"#0": 11, "#2": 13, "#1": 9}
[01/19/2025 22:54:44.356] [#0] {"#0": 13, "#1": 7, "#2": 7} 0 内部事务, 向量时钟为: {"#0": 13, "#1": 7, "#2": 7}
[01/19/2025 22:54:44.356] [#1] {"#1": 15, "#0": 12, "#2": 12} 1 发给 2, 向量时钟为: {"#1": 15, "#0": 12, "#2": 12}
[01/19/2025 22:54:44.416] [#2] {"#0": 12, "#2": 14, "#1": 15} 1 发给 2, 向量时钟为: {"#0": 12, "#2": 14, "#1": 15}
[01/19/2025 22:54:44.416] [#2] {"#0": 12, "#2": 15, "#1": 15} 2 内部事务, 向量时钟为: {"#0": 12, "#2": 15, "#1": 15}
